{"/workspaces/react-testing/src/App.css": {"path":"/workspaces/react-testing/src/App.css","statementMap":{},"fnMap":{},"branchMap":{},"s":{},"f":{},"b":{},"meta":{"lastBranch":0,"lastFunction":0,"lastStatement":0,"seen":{}}}
,"/workspaces/react-testing/src/App.jsx": {"path":"/workspaces/react-testing/src/App.jsx","statementMap":{"0":{"start":{"line":14,"column":12},"end":{"line":61,"column":null}},"1":{"start":{"line":16,"column":14},"end":{"line":16,"column":null}},"2":{"start":{"line":17,"column":2},"end":{"line":17,"column":null}},"3":{"start":{"line":18,"column":8},"end":{"line":18,"column":null}},"4":{"start":{"line":19,"column":8},"end":{"line":19,"column":null}},"5":{"start":{"line":21,"column":2},"end":{"line":59,"column":null}}},"fnMap":{"0":{"name":"(anonymous_0)","decl":{"start":{"line":14,"column":12},"end":{"line":14,"column":18}},"loc":{"start":{"line":14,"column":18},"end":{"line":61,"column":null}},"line":14}},"branchMap":{},"s":{"0":1,"1":1,"2":1,"3":1,"4":1,"5":1},"f":{"0":1},"b":{},"meta":{"lastBranch":0,"lastFunction":1,"lastStatement":6,"seen":{"s:14:12:61:Infinity":0,"f:14:12:14:18":0,"s:16:14:16:Infinity":1,"s:17:2:17:Infinity":2,"s:18:8:18:Infinity":3,"s:19:8:19:Infinity":4,"s:21:2:59:Infinity":5}}}
,"/workspaces/react-testing/src/queries.js": {"path":"/workspaces/react-testing/src/queries.js","statementMap":{"0":{"start":{"line":3,"column":25},"end":{"line":13,"column":1}}},"fnMap":{},"branchMap":{},"s":{"0":1},"f":{},"b":{},"meta":{"lastBranch":0,"lastFunction":0,"lastStatement":1,"seen":{"s:3:25:13:1":0}}}
,"/workspaces/react-testing/src/HOC/withAuth.jsx": {"path":"/workspaces/react-testing/src/HOC/withAuth.jsx","statementMap":{"0":{"start":{"line":4,"column":4},"end":{"line":11,"column":null}},"1":{"start":{"line":5,"column":32},"end":{"line":5,"column":null}},"2":{"start":{"line":6,"column":8},"end":{"line":8,"column":null}},"3":{"start":{"line":7,"column":12},"end":{"line":7,"column":null}},"4":{"start":{"line":10,"column":8},"end":{"line":10,"column":null}}},"fnMap":{"0":{"name":"withAuth","decl":{"start":{"line":3,"column":16},"end":{"line":3,"column":25}},"loc":{"start":{"line":3,"column":36},"end":{"line":12,"column":null}},"line":3},"1":{"name":"ProtectedRoute","decl":{"start":{"line":4,"column":20},"end":{"line":4,"column":35}},"loc":{"start":{"line":4,"column":42},"end":{"line":11,"column":null}},"line":4}},"branchMap":{"0":{"loc":{"start":{"line":6,"column":8},"end":{"line":8,"column":null}},"type":"if","locations":[{"start":{"line":6,"column":8},"end":{"line":8,"column":null}},{"start":{},"end":{}}],"line":6}},"s":{"0":1,"1":0,"2":0,"3":0,"4":0},"f":{"0":1,"1":0},"b":{"0":[0,0]},"meta":{"lastBranch":1,"lastFunction":2,"lastStatement":5,"seen":{"f:3:16:3:25":0,"s:4:4:11:Infinity":0,"f:4:20:4:35":1,"s:5:32:5:Infinity":1,"b:6:8:8:Infinity:undefined:undefined:undefined:undefined":0,"s:6:8:8:Infinity":2,"s:7:12:7:Infinity":3,"s:10:8:10:Infinity":4}}}
,"/workspaces/react-testing/src/HOC/withFetch.jsx": {"path":"/workspaces/react-testing/src/HOC/withFetch.jsx","statementMap":{"0":{"start":{"line":4,"column":4},"end":{"line":24,"column":null}},"1":{"start":{"line":5,"column":8},"end":{"line":5,"column":null}},"2":{"start":{"line":6,"column":28},"end":{"line":6,"column":null}},"3":{"start":{"line":7,"column":34},"end":{"line":7,"column":null}},"4":{"start":{"line":8,"column":30},"end":{"line":8,"column":null}},"5":{"start":{"line":10,"column":8},"end":{"line":21,"column":null}},"6":{"start":{"line":12,"column":16},"end":{"line":12,"column":null}},"7":{"start":{"line":13,"column":16},"end":{"line":17,"column":null}},"8":{"start":{"line":14,"column":31},"end":{"line":14,"column":41}},"9":{"start":{"line":15,"column":32},"end":{"line":15,"column":45}},"10":{"start":{"line":16,"column":34},"end":{"line":16,"column":49}},"11":{"start":{"line":17,"column":31},"end":{"line":17,"column":48}},"12":{"start":{"line":20,"column":12},"end":{"line":20,"column":null}},"13":{"start":{"line":23,"column":8},"end":{"line":23,"column":null}}},"fnMap":{"0":{"name":"withFetch","decl":{"start":{"line":3,"column":24},"end":{"line":3,"column":34}},"loc":{"start":{"line":3,"column":50},"end":{"line":25,"column":null}},"line":3},"1":{"name":"FetchData","decl":{"start":{"line":4,"column":20},"end":{"line":4,"column":30}},"loc":{"start":{"line":4,"column":42},"end":{"line":24,"column":null}},"line":4},"2":{"name":"(anonymous_2)","decl":{"start":{"line":10,"column":18},"end":{"line":10,"column":24}},"loc":{"start":{"line":10,"column":24},"end":{"line":21,"column":11}},"line":10},"3":{"name":"fetchDataAsUrl","decl":{"start":{"line":11,"column":21},"end":{"line":11,"column":36}},"loc":{"start":{"line":11,"column":41},"end":{"line":18,"column":null}},"line":11},"4":{"name":"(anonymous_4)","decl":{"start":{"line":14,"column":22},"end":{"line":14,"column":23}},"loc":{"start":{"line":14,"column":31},"end":{"line":14,"column":41}},"line":14},"5":{"name":"(anonymous_5)","decl":{"start":{"line":15,"column":22},"end":{"line":15,"column":23}},"loc":{"start":{"line":15,"column":32},"end":{"line":15,"column":45}},"line":15},"6":{"name":"(anonymous_6)","decl":{"start":{"line":16,"column":23},"end":{"line":16,"column":24}},"loc":{"start":{"line":16,"column":34},"end":{"line":16,"column":49}},"line":16},"7":{"name":"(anonymous_7)","decl":{"start":{"line":17,"column":25},"end":{"line":17,"column":31}},"loc":{"start":{"line":17,"column":31},"end":{"line":17,"column":48}},"line":17}},"branchMap":{},"s":{"0":1,"1":0,"2":0,"3":0,"4":0,"5":0,"6":0,"7":0,"8":0,"9":0,"10":0,"11":0,"12":0,"13":0},"f":{"0":1,"1":0,"2":0,"3":0,"4":0,"5":0,"6":0,"7":0},"b":{},"meta":{"lastBranch":0,"lastFunction":8,"lastStatement":14,"seen":{"f:3:24:3:34":0,"s:4:4:24:Infinity":0,"f:4:20:4:30":1,"s:5:8:5:Infinity":1,"s:6:28:6:Infinity":2,"s:7:34:7:Infinity":3,"s:8:30:8:Infinity":4,"s:10:8:21:Infinity":5,"f:10:18:10:24":2,"f:11:21:11:36":3,"s:12:16:12:Infinity":6,"s:13:16:17:Infinity":7,"f:14:22:14:23":4,"s:14:31:14:41":8,"f:15:22:15:23":5,"s:15:32:15:45":9,"f:16:23:16:24":6,"s:16:34:16:49":10,"f:17:25:17:31":7,"s:17:31:17:48":11,"s:20:12:20:Infinity":12,"s:23:8:23:Infinity":13}}}
,"/workspaces/react-testing/src/Hooks/useFetch.jsx": {"path":"/workspaces/react-testing/src/Hooks/useFetch.jsx","statementMap":{"0":{"start":{"line":4,"column":24},"end":{"line":4,"column":null}},"1":{"start":{"line":5,"column":30},"end":{"line":5,"column":null}},"2":{"start":{"line":6,"column":26},"end":{"line":6,"column":null}},"3":{"start":{"line":8,"column":4},"end":{"line":19,"column":null}},"4":{"start":{"line":10,"column":12},"end":{"line":10,"column":null}},"5":{"start":{"line":11,"column":12},"end":{"line":15,"column":null}},"6":{"start":{"line":12,"column":31},"end":{"line":12,"column":41}},"7":{"start":{"line":13,"column":32},"end":{"line":13,"column":45}},"8":{"start":{"line":14,"column":34},"end":{"line":14,"column":78}},"9":{"start":{"line":15,"column":31},"end":{"line":15,"column":48}},"10":{"start":{"line":18,"column":8},"end":{"line":18,"column":null}},"11":{"start":{"line":21,"column":4},"end":{"line":21,"column":null}}},"fnMap":{"0":{"name":"useFetch","decl":{"start":{"line":3,"column":24},"end":{"line":3,"column":33}},"loc":{"start":{"line":3,"column":38},"end":{"line":22,"column":null}},"line":3},"1":{"name":"(anonymous_1)","decl":{"start":{"line":8,"column":14},"end":{"line":8,"column":20}},"loc":{"start":{"line":8,"column":20},"end":{"line":19,"column":7}},"line":8},"2":{"name":"fetchDataAsUrl","decl":{"start":{"line":9,"column":17},"end":{"line":9,"column":32}},"loc":{"start":{"line":9,"column":37},"end":{"line":16,"column":null}},"line":9},"3":{"name":"(anonymous_3)","decl":{"start":{"line":12,"column":22},"end":{"line":12,"column":23}},"loc":{"start":{"line":12,"column":31},"end":{"line":12,"column":41}},"line":12},"4":{"name":"(anonymous_4)","decl":{"start":{"line":13,"column":22},"end":{"line":13,"column":23}},"loc":{"start":{"line":13,"column":32},"end":{"line":13,"column":45}},"line":13},"5":{"name":"(anonymous_5)","decl":{"start":{"line":14,"column":23},"end":{"line":14,"column":24}},"loc":{"start":{"line":14,"column":34},"end":{"line":14,"column":78}},"line":14},"6":{"name":"(anonymous_6)","decl":{"start":{"line":15,"column":25},"end":{"line":15,"column":31}},"loc":{"start":{"line":15,"column":31},"end":{"line":15,"column":48}},"line":15}},"branchMap":{"0":{"loc":{"start":{"line":14,"column":43},"end":{"line":14,"column":77}},"type":"binary-expr","locations":[{"start":{"line":14,"column":43},"end":{"line":14,"column":52}},{"start":{"line":14,"column":52},"end":{"line":14,"column":77}}],"line":14}},"s":{"0":0,"1":0,"2":0,"3":0,"4":0,"5":0,"6":0,"7":0,"8":0,"9":0,"10":0,"11":0},"f":{"0":0,"1":0,"2":0,"3":0,"4":0,"5":0,"6":0},"b":{"0":[0,0]},"meta":{"lastBranch":1,"lastFunction":7,"lastStatement":12,"seen":{"f:3:24:3:33":0,"s:4:24:4:Infinity":0,"s:5:30:5:Infinity":1,"s:6:26:6:Infinity":2,"s:8:4:19:Infinity":3,"f:8:14:8:20":1,"f:9:17:9:32":2,"s:10:12:10:Infinity":4,"s:11:12:15:Infinity":5,"f:12:22:12:23":3,"s:12:31:12:41":6,"f:13:22:13:23":4,"s:13:32:13:45":7,"f:14:23:14:24":5,"s:14:34:14:78":8,"b:14:43:14:52:14:52:14:77":0,"f:15:25:15:31":6,"s:15:31:15:48":9,"s:18:8:18:Infinity":10,"s:21:4:21:Infinity":11}}}
,"/workspaces/react-testing/src/components/About.jsx": {"path":"/workspaces/react-testing/src/components/About.jsx","statementMap":{"0":{"start":{"line":4,"column":2},"end":{"line":5,"column":null}}},"fnMap":{"0":{"name":"About","decl":{"start":{"line":3,"column":9},"end":{"line":3,"column":17}},"loc":{"start":{"line":3,"column":17},"end":{"line":7,"column":null}},"line":3}},"branchMap":{},"s":{"0":0},"f":{"0":0},"b":{},"meta":{"lastBranch":0,"lastFunction":1,"lastStatement":1,"seen":{"f:3:9:3:17":0,"s:4:2:5:Infinity":0}}}
,"/workspaces/react-testing/src/components/Dashboard.jsx": {"path":"/workspaces/react-testing/src/components/Dashboard.jsx","statementMap":{"0":{"start":{"line":4,"column":2},"end":{"line":5,"column":null}}},"fnMap":{"0":{"name":"Dashboard","decl":{"start":{"line":3,"column":9},"end":{"line":3,"column":21}},"loc":{"start":{"line":3,"column":21},"end":{"line":7,"column":null}},"line":3}},"branchMap":{},"s":{"0":0},"f":{"0":0},"b":{},"meta":{"lastBranch":0,"lastFunction":1,"lastStatement":1,"seen":{"f:3:9:3:21":0,"s:4:2:5:Infinity":0}}}
,"/workspaces/react-testing/src/components/Home.jsx": {"path":"/workspaces/react-testing/src/components/Home.jsx","statementMap":{"0":{"start":{"line":4,"column":2},"end":{"line":5,"column":null}}},"fnMap":{"0":{"name":"Home","decl":{"start":{"line":3,"column":9},"end":{"line":3,"column":16}},"loc":{"start":{"line":3,"column":16},"end":{"line":7,"column":null}},"line":3}},"branchMap":{},"s":{"0":1},"f":{"0":1},"b":{},"meta":{"lastBranch":0,"lastFunction":1,"lastStatement":1,"seen":{"f:3:9:3:16":0,"s:4:2:5:Infinity":0}}}
,"/workspaces/react-testing/src/components/Login.jsx": {"path":"/workspaces/react-testing/src/components/Login.jsx","statementMap":{"0":{"start":{"line":4,"column":2},"end":{"line":5,"column":null}}},"fnMap":{"0":{"name":"Login","decl":{"start":{"line":3,"column":9},"end":{"line":3,"column":17}},"loc":{"start":{"line":3,"column":17},"end":{"line":7,"column":null}},"line":3}},"branchMap":{},"s":{"0":0},"f":{"0":0},"b":{},"meta":{"lastBranch":0,"lastFunction":1,"lastStatement":1,"seen":{"f:3:9:3:17":0,"s:4:2:5:Infinity":0}}}
,"/workspaces/react-testing/src/components/Posts.jsx": {"path":"/workspaces/react-testing/src/components/Posts.jsx","statementMap":{"0":{"start":{"line":11,"column":49},"end":{"line":11,"column":null}},"1":{"start":{"line":13,"column":4},"end":{"line":13,"column":null}},"2":{"start":{"line":16,"column":3},"end":{"line":16,"column":null}},"3":{"start":{"line":16,"column":16},"end":{"line":16,"column":null}},"4":{"start":{"line":17,"column":3},"end":{"line":17,"column":null}},"5":{"start":{"line":17,"column":14},"end":{"line":17,"column":null}},"6":{"start":{"line":20,"column":2},"end":{"line":29,"column":null}},"7":{"start":{"line":25,"column":12},"end":{"line":25,"column":null}}},"fnMap":{"0":{"name":"Posts","decl":{"start":{"line":5,"column":9},"end":{"line":5,"column":15}},"loc":{"start":{"line":5,"column":39},"end":{"line":31,"column":null}},"line":5},"1":{"name":"(anonymous_1)","decl":{"start":{"line":24,"column":25},"end":{"line":24,"column":26}},"loc":{"start":{"line":24,"column":35},"end":{"line":26,"column":11}},"line":24}},"branchMap":{"0":{"loc":{"start":{"line":16,"column":3},"end":{"line":16,"column":null}},"type":"if","locations":[{"start":{"line":16,"column":3},"end":{"line":16,"column":null}},{"start":{},"end":{}}],"line":16},"1":{"loc":{"start":{"line":17,"column":3},"end":{"line":17,"column":null}},"type":"if","locations":[{"start":{"line":17,"column":3},"end":{"line":17,"column":null}},{"start":{},"end":{}}],"line":17}},"s":{"0":0,"1":0,"2":0,"3":0,"4":0,"5":0,"6":0,"7":0},"f":{"0":0,"1":0},"b":{"0":[0,0],"1":[0,0]},"meta":{"lastBranch":2,"lastFunction":2,"lastStatement":8,"seen":{"f:5:9:5:15":0,"s:11:49:11:Infinity":0,"s:13:4:13:Infinity":1,"b:16:3:16:Infinity:undefined:undefined:undefined:undefined":0,"s:16:3:16:Infinity":2,"s:16:16:16:Infinity":3,"b:17:3:17:Infinity:undefined:undefined:undefined:undefined":1,"s:17:3:17:Infinity":4,"s:17:14:17:Infinity":5,"s:20:2:29:Infinity":6,"f:24:25:24:26":1,"s:25:12:25:Infinity":7}}}
,"/workspaces/react-testing/src/components/UserList.jsx": {"path":"/workspaces/react-testing/src/components/UserList.jsx","statementMap":{"0":{"start":{"line":6,"column":31},"end":{"line":6,"column":null}},"1":{"start":{"line":8,"column":2},"end":{"line":8,"column":null}},"2":{"start":{"line":8,"column":15},"end":{"line":8,"column":null}},"3":{"start":{"line":9,"column":2},"end":{"line":9,"column":null}},"4":{"start":{"line":9,"column":13},"end":{"line":9,"column":null}},"5":{"start":{"line":11,"column":16},"end":{"line":11,"column":null}},"6":{"start":{"line":13,"column":2},"end":{"line":23,"column":null}},"7":{"start":{"line":18,"column":10},"end":{"line":20,"column":null}}},"fnMap":{"0":{"name":"UserList","decl":{"start":{"line":5,"column":9},"end":{"line":5,"column":20}},"loc":{"start":{"line":5,"column":20},"end":{"line":25,"column":null}},"line":5},"1":{"name":"(anonymous_1)","decl":{"start":{"line":17,"column":19},"end":{"line":17,"column":null}},"loc":{"start":{"line":18,"column":10},"end":{"line":20,"column":null}},"line":18}},"branchMap":{"0":{"loc":{"start":{"line":8,"column":2},"end":{"line":8,"column":null}},"type":"if","locations":[{"start":{"line":8,"column":2},"end":{"line":8,"column":null}},{"start":{},"end":{}}],"line":8},"1":{"loc":{"start":{"line":9,"column":2},"end":{"line":9,"column":null}},"type":"if","locations":[{"start":{"line":9,"column":2},"end":{"line":9,"column":null}},{"start":{},"end":{}}],"line":9},"2":{"loc":{"start":{"line":11,"column":16},"end":{"line":11,"column":null}},"type":"binary-expr","locations":[{"start":{"line":11,"column":16},"end":{"line":11,"column":37}},{"start":{"line":11,"column":37},"end":{"line":11,"column":null}}],"line":11}},"s":{"0":0,"1":0,"2":0,"3":0,"4":0,"5":0,"6":0,"7":0},"f":{"0":0,"1":0},"b":{"0":[0,0],"1":[0,0],"2":[0,0]},"meta":{"lastBranch":3,"lastFunction":2,"lastStatement":8,"seen":{"f:5:9:5:20":0,"s:6:31:6:Infinity":0,"b:8:2:8:Infinity:undefined:undefined:undefined:undefined":0,"s:8:2:8:Infinity":1,"s:8:15:8:Infinity":2,"b:9:2:9:Infinity:undefined:undefined:undefined:undefined":1,"s:9:2:9:Infinity":3,"s:9:13:9:Infinity":4,"s:11:16:11:Infinity":5,"b:11:16:11:37:11:37:11:Infinity":2,"s:13:2:23:Infinity":6,"f:17:19:17:Infinity":1,"s:18:10:20:Infinity":7}}}
,"/workspaces/react-testing/src/components/Users.jsx": {"path":"/workspaces/react-testing/src/components/Users.jsx","statementMap":{"0":{"start":{"line":6,"column":19},"end":{"line":12,"column":null}},"1":{"start":{"line":7,"column":16},"end":{"line":7,"column":null}},"2":{"start":{"line":8,"column":4},"end":{"line":10,"column":null}},"3":{"start":{"line":9,"column":8},"end":{"line":9,"column":null}},"4":{"start":{"line":11,"column":4},"end":{"line":11,"column":null}},"5":{"start":{"line":14,"column":13},"end":{"line":19,"column":null}},"6":{"start":{"line":21,"column":16},"end":{"line":26,"column":null}},"7":{"start":{"line":22,"column":16},"end":{"line":25,"column":null}},"8":{"start":{"line":30,"column":63},"end":{"line":34,"column":null}},"9":{"start":{"line":36,"column":10},"end":{"line":41,"column":null}},"10":{"start":{"line":39,"column":12},"end":{"line":39,"column":null}},"11":{"start":{"line":43,"column":4},"end":{"line":43,"column":null}},"12":{"start":{"line":43,"column":18},"end":{"line":43,"column":null}},"13":{"start":{"line":44,"column":4},"end":{"line":44,"column":null}},"14":{"start":{"line":44,"column":17},"end":{"line":44,"column":null}},"15":{"start":{"line":46,"column":2},"end":{"line":59,"column":null}},"16":{"start":{"line":51,"column":12},"end":{"line":51,"column":null}},"17":{"start":{"line":57,"column":29},"end":{"line":57,"column":40}},"18":{"start":{"line":58,"column":29},"end":{"line":58,"column":48}}},"fnMap":{"0":{"name":"(anonymous_0)","decl":{"start":{"line":6,"column":19},"end":{"line":6,"column":31}},"loc":{"start":{"line":6,"column":31},"end":{"line":12,"column":null}},"line":6},"1":{"name":"(anonymous_1)","decl":{"start":{"line":21,"column":16},"end":{"line":21,"column":28}},"loc":{"start":{"line":21,"column":28},"end":{"line":26,"column":null}},"line":21},"2":{"name":"Users","decl":{"start":{"line":28,"column":9},"end":{"line":28,"column":15}},"loc":{"start":{"line":28,"column":21},"end":{"line":61,"column":null}},"line":28},"3":{"name":"(anonymous_3)","decl":{"start":{"line":38,"column":19},"end":{"line":38,"column":25}},"loc":{"start":{"line":38,"column":25},"end":{"line":40,"column":null}},"line":38},"4":{"name":"(anonymous_4)","decl":{"start":{"line":50,"column":20},"end":{"line":50,"column":21}},"loc":{"start":{"line":50,"column":30},"end":{"line":52,"column":11}},"line":50},"5":{"name":"(anonymous_5)","decl":{"start":{"line":57,"column":23},"end":{"line":57,"column":29}},"loc":{"start":{"line":57,"column":29},"end":{"line":57,"column":40}},"line":57},"6":{"name":"(anonymous_6)","decl":{"start":{"line":58,"column":23},"end":{"line":58,"column":29}},"loc":{"start":{"line":58,"column":29},"end":{"line":58,"column":48}},"line":58}},"branchMap":{"0":{"loc":{"start":{"line":8,"column":4},"end":{"line":10,"column":null}},"type":"if","locations":[{"start":{"line":8,"column":4},"end":{"line":10,"column":null}},{"start":{},"end":{}}],"line":8},"1":{"loc":{"start":{"line":43,"column":4},"end":{"line":43,"column":null}},"type":"if","locations":[{"start":{"line":43,"column":4},"end":{"line":43,"column":null}},{"start":{},"end":{}}],"line":43},"2":{"loc":{"start":{"line":44,"column":4},"end":{"line":44,"column":null}},"type":"if","locations":[{"start":{"line":44,"column":4},"end":{"line":44,"column":null}},{"start":{},"end":{}}],"line":44}},"s":{"0":1,"1":0,"2":0,"3":0,"4":0,"5":1,"6":1,"7":0,"8":0,"9":0,"10":0,"11":0,"12":0,"13":0,"14":0,"15":0,"16":0,"17":0,"18":0},"f":{"0":0,"1":0,"2":0,"3":0,"4":0,"5":0,"6":0},"b":{"0":[0,0],"1":[0,0],"2":[0,0]},"meta":{"lastBranch":3,"lastFunction":7,"lastStatement":19,"seen":{"s:6:19:12:Infinity":0,"f:6:19:6:31":0,"s:7:16:7:Infinity":1,"b:8:4:10:Infinity:undefined:undefined:undefined:undefined":0,"s:8:4:10:Infinity":2,"s:9:8:9:Infinity":3,"s:11:4:11:Infinity":4,"s:14:13:19:Infinity":5,"s:21:16:26:Infinity":6,"f:21:16:21:28":1,"s:22:16:25:Infinity":7,"f:28:9:28:15":2,"s:30:63:34:Infinity":8,"s:36:10:41:Infinity":9,"f:38:19:38:25":3,"s:39:12:39:Infinity":10,"b:43:4:43:Infinity:undefined:undefined:undefined:undefined":1,"s:43:4:43:Infinity":11,"s:43:18:43:Infinity":12,"b:44:4:44:Infinity:undefined:undefined:undefined:undefined":2,"s:44:4:44:Infinity":13,"s:44:17:44:Infinity":14,"s:46:2:59:Infinity":15,"f:50:20:50:21":4,"s:51:12:51:Infinity":16,"f:57:23:57:29":5,"s:57:29:57:40":17,"f:58:23:58:29":6,"s:58:29:58:48":18}}}
}
